<?xml version="1.0" encoding="UTF-8"?>
<!-- Generated by org.testng.reporters.JUnitXMLReporter -->
<testsuite ignored="4" hostname="Vinay-PV" failures="0" tests="8" name="Test2" time="169.506" errors="0" timestamp="2022-05-10T08:31:53 IST">
  <testcase classname="script.Demo4" name="test_report" time="0.741"/>
  <testcase classname="script.Demo1" name="test1" time="0.642"/>
  <testcase classname="script.Demo2" name="test2" time="0.026"/>
  <testcase classname="script.Demo2" name="test2" time="0.024"/>
  <testcase classname="script.Demo2" name="test2" time="0.031"/>
  <testcase classname="script.Demo3" name="test3" time="0.004"/>
  <testcase classname="script.Demo3" name="test3" time="0.002"/>
  <testcase classname="script.Demo3" name="test3" time="0.006"/>
  <testcase classname="generic.BaseTest" name="@AfterSuite publishReport" time="0.0">
    <ignored/>
  </testcase> <!-- @AfterSuite publishReport -->
  <testcase classname="generic.BaseTest" name="@BeforeSuite initReport" time="0.0">
    <ignored/>
  </testcase> <!-- @BeforeSuite initReport -->
  <testcase classname="generic.BaseTest" name="@BeforeSuite initReport" time="0.0">
    <ignored/>
  </testcase> <!-- @BeforeSuite initReport -->
  <testcase classname="generic.BaseTest" name="@AfterSuite publishReport" time="0.0">
    <ignored/>
  </testcase> <!-- @AfterSuite publishReport -->
</testsuite> <!-- Test2 -->
