<?xml version="1.0" encoding="UTF-8"?>
<!-- Generated by org.testng.reporters.JUnitXMLReporter -->
<testsuite ignored="2" hostname="Vinay-PV" failures="0" tests="2" name="Test1" time="49.113" errors="0" timestamp="2022-05-13T07:53:00 IST">
  <testcase classname="script.ValidLogin" name="testValidLogin" time="5.057"/>
  <testcase classname="script.InvalidLogin" name="testInvalidLogin" time="2.844"/>
  <testcase classname="generic.BaseTest" name="@AfterSuite publishReport" time="0.0">
    <ignored/>
  </testcase> <!-- @AfterSuite publishReport -->
  <testcase classname="generic.BaseTest" name="@BeforeSuite initReport" time="0.0">
    <ignored/>
  </testcase> <!-- @BeforeSuite initReport -->
</testsuite> <!-- Test1 -->
